<?xml version="1.0" encoding="UTF-8"?>
<testsuite name="daoTests.ComplaintDaoTests" tests="1" skipped="0" failures="0" errors="0" timestamp="2022-08-20T15:02:59" hostname="JAMES-PC" time="0.25">
  <properties/>
  <testcase name="create_complaint_test_standard()" classname="daoTests.ComplaintDaoTests" time="0.25"/>
  <system-out><![CDATA[]]></system-out>
  <system-err><![CDATA[]]></system-err>
</testsuite>
